#! c:/iverilog-x86/bin/vvp
:ivl_version "10.0 (stable)" "(v10_0)";
:ivl_delay_selection "TYPICAL";
:vpi_time_precision + 0;
:vpi_module "system";
:vpi_module "vhdl_sys";
:vpi_module "v2005_math";
:vpi_module "va_math";
S_011a5a40 .scope module, "inst_rom" "inst_rom" 2 7;
 .timescale 0 0;
    .port_info 0 /INPUT 1 "ce"
    .port_info 1 /INPUT 32 "addr"
    .port_info 2 /OUTPUT 32 "inst"
o008d3fec .functor BUFZ 32, C4<zzzzzzzzzzzzzzzzzzzzzzzzzzzzzzzz>; HiZ drive
v011a5b10_0 .net "addr", 31 0, o008d3fec;  0 drivers
o008d4004 .functor BUFZ 1, C4<z>; HiZ drive
v011a5b68_0 .net "ce", 0 0, o008d4004;  0 drivers
v011a51e0_0 .var "inst", 31 0;
v011a5238 .array "inst_mem", 35 0, 31 0;
v011a5238_0 .array/port v011a5238, 0;
v011a5238_1 .array/port v011a5238, 1;
E_008d2c20/0 .event edge, v011a5b68_0, v011a5b10_0, v011a5238_0, v011a5238_1;
v011a5238_2 .array/port v011a5238, 2;
v011a5238_3 .array/port v011a5238, 3;
v011a5238_4 .array/port v011a5238, 4;
v011a5238_5 .array/port v011a5238, 5;
E_008d2c20/1 .event edge, v011a5238_2, v011a5238_3, v011a5238_4, v011a5238_5;
v011a5238_6 .array/port v011a5238, 6;
v011a5238_7 .array/port v011a5238, 7;
v011a5238_8 .array/port v011a5238, 8;
v011a5238_9 .array/port v011a5238, 9;
E_008d2c20/2 .event edge, v011a5238_6, v011a5238_7, v011a5238_8, v011a5238_9;
v011a5238_10 .array/port v011a5238, 10;
v011a5238_11 .array/port v011a5238, 11;
v011a5238_12 .array/port v011a5238, 12;
v011a5238_13 .array/port v011a5238, 13;
E_008d2c20/3 .event edge, v011a5238_10, v011a5238_11, v011a5238_12, v011a5238_13;
v011a5238_14 .array/port v011a5238, 14;
v011a5238_15 .array/port v011a5238, 15;
v011a5238_16 .array/port v011a5238, 16;
v011a5238_17 .array/port v011a5238, 17;
E_008d2c20/4 .event edge, v011a5238_14, v011a5238_15, v011a5238_16, v011a5238_17;
v011a5238_18 .array/port v011a5238, 18;
v011a5238_19 .array/port v011a5238, 19;
v011a5238_20 .array/port v011a5238, 20;
v011a5238_21 .array/port v011a5238, 21;
E_008d2c20/5 .event edge, v011a5238_18, v011a5238_19, v011a5238_20, v011a5238_21;
v011a5238_22 .array/port v011a5238, 22;
v011a5238_23 .array/port v011a5238, 23;
v011a5238_24 .array/port v011a5238, 24;
v011a5238_25 .array/port v011a5238, 25;
E_008d2c20/6 .event edge, v011a5238_22, v011a5238_23, v011a5238_24, v011a5238_25;
v011a5238_26 .array/port v011a5238, 26;
v011a5238_27 .array/port v011a5238, 27;
v011a5238_28 .array/port v011a5238, 28;
v011a5238_29 .array/port v011a5238, 29;
E_008d2c20/7 .event edge, v011a5238_26, v011a5238_27, v011a5238_28, v011a5238_29;
v011a5238_30 .array/port v011a5238, 30;
v011a5238_31 .array/port v011a5238, 31;
v011a5238_32 .array/port v011a5238, 32;
v011a5238_33 .array/port v011a5238, 33;
E_008d2c20/8 .event edge, v011a5238_30, v011a5238_31, v011a5238_32, v011a5238_33;
v011a5238_34 .array/port v011a5238, 34;
v011a5238_35 .array/port v011a5238, 35;
E_008d2c20/9 .event edge, v011a5238_34, v011a5238_35;
E_008d2c20 .event/or E_008d2c20/0, E_008d2c20/1, E_008d2c20/2, E_008d2c20/3, E_008d2c20/4, E_008d2c20/5, E_008d2c20/6, E_008d2c20/7, E_008d2c20/8, E_008d2c20/9;
    .scope S_011a5a40;
T_0 ;
    %vpi_call 2 16 "$readmemh", "D:\134CodingNow\134Verilog\134OpenMIPS\134data\134inst_rom.data", v011a5238 {0 0 0};
    %end;
    .thread T_0;
    .scope S_011a5a40;
T_1 ;
    %wait E_008d2c20;
    %load/vec4 v011a5b68_0;
    %cmpi/e 0, 0, 1;
    %jmp/0xz  T_1.0, 4;
    %pushi/vec4 0, 0, 32;
    %assign/vec4 v011a51e0_0, 0;
    %jmp T_1.1;
T_1.0 ;
    %load/vec4 v011a5b10_0;
    %parti/s 17, 2, 3;
    %ix/vec4 4;
    %load/vec4a v011a5238, 4;
    %assign/vec4 v011a51e0_0, 0;
T_1.1 ;
    %jmp T_1;
    .thread T_1, $push;
# The file index is used to find the file name in the following table.
:file_names 3;
    "N/A";
    "<interactive>";
    "inst_rom.v";
