#! c:/iverilog-x86/bin/vvp
:ivl_version "10.0 (stable)" "(v10_0)";
:ivl_delay_selection "TYPICAL";
:vpi_time_precision + 0;
:vpi_module "system";
:vpi_module "vhdl_sys";
:vpi_module "v2005_math";
:vpi_module "va_math";
S_0109bbd8 .scope module, "openmips_min_sopc" "openmips_min_sopc" 2 8;
 .timescale 0 0;
    .port_info 0 /INPUT 1 "clk"
    .port_info 1 /INPUT 1 "rst"
o02be1834 .functor BUFZ 1, C4<z>; HiZ drive
v02c15f98_0 .net "clk", 0 0, o02be1834;  0 drivers
v02c16360_0 .net "inst", 31 0, v02bda190_0;  1 drivers
o02be09ac .functor BUFZ 32, C4<zzzzzzzzzzzzzzzzzzzzzzzzzzzzzzzz>; HiZ drive
v02c15ff0_0 .net "inst_addr", 31 0, o02be09ac;  0 drivers
v02c161a8_0 .net "rom_ce", 0 0, v02c12e28_0;  1 drivers
o02be16b4 .functor BUFZ 1, C4<z>; HiZ drive
v02c16200_0 .net "rst", 0 0, o02be16b4;  0 drivers
S_02bda7d8 .scope module, "inst_rom0" "inst_rom" 2 27, 3 7 0, S_0109bbd8;
 .timescale 0 0;
    .port_info 0 /INPUT 1 "ce"
    .port_info 1 /INPUT 32 "addr"
    .port_info 2 /OUTPUT 32 "inst"
v02bda4a8_0 .net "addr", 31 0, o02be09ac;  alias, 0 drivers
v02bda138_0 .net "ce", 0 0, v02c12e28_0;  alias, 1 drivers
v02bda190_0 .var "inst", 31 0;
v02bda2f0 .array "inst_mem", 127 0, 31 0;
v02bda2f0_0 .array/port v02bda2f0, 0;
v02bda2f0_1 .array/port v02bda2f0, 1;
E_02bd7940/0 .event edge, v02bda138_0, v02bda4a8_0, v02bda2f0_0, v02bda2f0_1;
v02bda2f0_2 .array/port v02bda2f0, 2;
v02bda2f0_3 .array/port v02bda2f0, 3;
v02bda2f0_4 .array/port v02bda2f0, 4;
v02bda2f0_5 .array/port v02bda2f0, 5;
E_02bd7940/1 .event edge, v02bda2f0_2, v02bda2f0_3, v02bda2f0_4, v02bda2f0_5;
v02bda2f0_6 .array/port v02bda2f0, 6;
v02bda2f0_7 .array/port v02bda2f0, 7;
v02bda2f0_8 .array/port v02bda2f0, 8;
v02bda2f0_9 .array/port v02bda2f0, 9;
E_02bd7940/2 .event edge, v02bda2f0_6, v02bda2f0_7, v02bda2f0_8, v02bda2f0_9;
v02bda2f0_10 .array/port v02bda2f0, 10;
v02bda2f0_11 .array/port v02bda2f0, 11;
v02bda2f0_12 .array/port v02bda2f0, 12;
v02bda2f0_13 .array/port v02bda2f0, 13;
E_02bd7940/3 .event edge, v02bda2f0_10, v02bda2f0_11, v02bda2f0_12, v02bda2f0_13;
v02bda2f0_14 .array/port v02bda2f0, 14;
v02bda2f0_15 .array/port v02bda2f0, 15;
v02bda2f0_16 .array/port v02bda2f0, 16;
v02bda2f0_17 .array/port v02bda2f0, 17;
E_02bd7940/4 .event edge, v02bda2f0_14, v02bda2f0_15, v02bda2f0_16, v02bda2f0_17;
v02bda2f0_18 .array/port v02bda2f0, 18;
v02bda2f0_19 .array/port v02bda2f0, 19;
v02bda2f0_20 .array/port v02bda2f0, 20;
v02bda2f0_21 .array/port v02bda2f0, 21;
E_02bd7940/5 .event edge, v02bda2f0_18, v02bda2f0_19, v02bda2f0_20, v02bda2f0_21;
v02bda2f0_22 .array/port v02bda2f0, 22;
v02bda2f0_23 .array/port v02bda2f0, 23;
v02bda2f0_24 .array/port v02bda2f0, 24;
v02bda2f0_25 .array/port v02bda2f0, 25;
E_02bd7940/6 .event edge, v02bda2f0_22, v02bda2f0_23, v02bda2f0_24, v02bda2f0_25;
v02bda2f0_26 .array/port v02bda2f0, 26;
v02bda2f0_27 .array/port v02bda2f0, 27;
v02bda2f0_28 .array/port v02bda2f0, 28;
v02bda2f0_29 .array/port v02bda2f0, 29;
E_02bd7940/7 .event edge, v02bda2f0_26, v02bda2f0_27, v02bda2f0_28, v02bda2f0_29;
v02bda2f0_30 .array/port v02bda2f0, 30;
v02bda2f0_31 .array/port v02bda2f0, 31;
v02bda2f0_32 .array/port v02bda2f0, 32;
v02bda2f0_33 .array/port v02bda2f0, 33;
E_02bd7940/8 .event edge, v02bda2f0_30, v02bda2f0_31, v02bda2f0_32, v02bda2f0_33;
v02bda2f0_34 .array/port v02bda2f0, 34;
v02bda2f0_35 .array/port v02bda2f0, 35;
v02bda2f0_36 .array/port v02bda2f0, 36;
v02bda2f0_37 .array/port v02bda2f0, 37;
E_02bd7940/9 .event edge, v02bda2f0_34, v02bda2f0_35, v02bda2f0_36, v02bda2f0_37;
v02bda2f0_38 .array/port v02bda2f0, 38;
v02bda2f0_39 .array/port v02bda2f0, 39;
v02bda2f0_40 .array/port v02bda2f0, 40;
v02bda2f0_41 .array/port v02bda2f0, 41;
E_02bd7940/10 .event edge, v02bda2f0_38, v02bda2f0_39, v02bda2f0_40, v02bda2f0_41;
v02bda2f0_42 .array/port v02bda2f0, 42;
v02bda2f0_43 .array/port v02bda2f0, 43;
v02bda2f0_44 .array/port v02bda2f0, 44;
v02bda2f0_45 .array/port v02bda2f0, 45;
E_02bd7940/11 .event edge, v02bda2f0_42, v02bda2f0_43, v02bda2f0_44, v02bda2f0_45;
v02bda2f0_46 .array/port v02bda2f0, 46;
v02bda2f0_47 .array/port v02bda2f0, 47;
v02bda2f0_48 .array/port v02bda2f0, 48;
v02bda2f0_49 .array/port v02bda2f0, 49;
E_02bd7940/12 .event edge, v02bda2f0_46, v02bda2f0_47, v02bda2f0_48, v02bda2f0_49;
v02bda2f0_50 .array/port v02bda2f0, 50;
v02bda2f0_51 .array/port v02bda2f0, 51;
v02bda2f0_52 .array/port v02bda2f0, 52;
v02bda2f0_53 .array/port v02bda2f0, 53;
E_02bd7940/13 .event edge, v02bda2f0_50, v02bda2f0_51, v02bda2f0_52, v02bda2f0_53;
v02bda2f0_54 .array/port v02bda2f0, 54;
v02bda2f0_55 .array/port v02bda2f0, 55;
v02bda2f0_56 .array/port v02bda2f0, 56;
v02bda2f0_57 .array/port v02bda2f0, 57;
E_02bd7940/14 .event edge, v02bda2f0_54, v02bda2f0_55, v02bda2f0_56, v02bda2f0_57;
v02bda2f0_58 .array/port v02bda2f0, 58;
v02bda2f0_59 .array/port v02bda2f0, 59;
v02bda2f0_60 .array/port v02bda2f0, 60;
v02bda2f0_61 .array/port v02bda2f0, 61;
E_02bd7940/15 .event edge, v02bda2f0_58, v02bda2f0_59, v02bda2f0_60, v02bda2f0_61;
v02bda2f0_62 .array/port v02bda2f0, 62;
v02bda2f0_63 .array/port v02bda2f0, 63;
v02bda2f0_64 .array/port v02bda2f0, 64;
v02bda2f0_65 .array/port v02bda2f0, 65;
E_02bd7940/16 .event edge, v02bda2f0_62, v02bda2f0_63, v02bda2f0_64, v02bda2f0_65;
v02bda2f0_66 .array/port v02bda2f0, 66;
v02bda2f0_67 .array/port v02bda2f0, 67;
v02bda2f0_68 .array/port v02bda2f0, 68;
v02bda2f0_69 .array/port v02bda2f0, 69;
E_02bd7940/17 .event edge, v02bda2f0_66, v02bda2f0_67, v02bda2f0_68, v02bda2f0_69;
v02bda2f0_70 .array/port v02bda2f0, 70;
v02bda2f0_71 .array/port v02bda2f0, 71;
v02bda2f0_72 .array/port v02bda2f0, 72;
v02bda2f0_73 .array/port v02bda2f0, 73;
E_02bd7940/18 .event edge, v02bda2f0_70, v02bda2f0_71, v02bda2f0_72, v02bda2f0_73;
v02bda2f0_74 .array/port v02bda2f0, 74;
v02bda2f0_75 .array/port v02bda2f0, 75;
v02bda2f0_76 .array/port v02bda2f0, 76;
v02bda2f0_77 .array/port v02bda2f0, 77;
E_02bd7940/19 .event edge, v02bda2f0_74, v02bda2f0_75, v02bda2f0_76, v02bda2f0_77;
v02bda2f0_78 .array/port v02bda2f0, 78;
v02bda2f0_79 .array/port v02bda2f0, 79;
v02bda2f0_80 .array/port v02bda2f0, 80;
v02bda2f0_81 .array/port v02bda2f0, 81;
E_02bd7940/20 .event edge, v02bda2f0_78, v02bda2f0_79, v02bda2f0_80, v02bda2f0_81;
v02bda2f0_82 .array/port v02bda2f0, 82;
v02bda2f0_83 .array/port v02bda2f0, 83;
v02bda2f0_84 .array/port v02bda2f0, 84;
v02bda2f0_85 .array/port v02bda2f0, 85;
E_02bd7940/21 .event edge, v02bda2f0_82, v02bda2f0_83, v02bda2f0_84, v02bda2f0_85;
v02bda2f0_86 .array/port v02bda2f0, 86;
v02bda2f0_87 .array/port v02bda2f0, 87;
v02bda2f0_88 .array/port v02bda2f0, 88;
v02bda2f0_89 .array/port v02bda2f0, 89;
E_02bd7940/22 .event edge, v02bda2f0_86, v02bda2f0_87, v02bda2f0_88, v02bda2f0_89;
v02bda2f0_90 .array/port v02bda2f0, 90;
v02bda2f0_91 .array/port v02bda2f0, 91;
v02bda2f0_92 .array/port v02bda2f0, 92;
v02bda2f0_93 .array/port v02bda2f0, 93;
E_02bd7940/23 .event edge, v02bda2f0_90, v02bda2f0_91, v02bda2f0_92, v02bda2f0_93;
v02bda2f0_94 .array/port v02bda2f0, 94;
v02bda2f0_95 .array/port v02bda2f0, 95;
v02bda2f0_96 .array/port v02bda2f0, 96;
v02bda2f0_97 .array/port v02bda2f0, 97;
E_02bd7940/24 .event edge, v02bda2f0_94, v02bda2f0_95, v02bda2f0_96, v02bda2f0_97;
v02bda2f0_98 .array/port v02bda2f0, 98;
v02bda2f0_99 .array/port v02bda2f0, 99;
v02bda2f0_100 .array/port v02bda2f0, 100;
v02bda2f0_101 .array/port v02bda2f0, 101;
E_02bd7940/25 .event edge, v02bda2f0_98, v02bda2f0_99, v02bda2f0_100, v02bda2f0_101;
v02bda2f0_102 .array/port v02bda2f0, 102;
v02bda2f0_103 .array/port v02bda2f0, 103;
v02bda2f0_104 .array/port v02bda2f0, 104;
v02bda2f0_105 .array/port v02bda2f0, 105;
E_02bd7940/26 .event edge, v02bda2f0_102, v02bda2f0_103, v02bda2f0_104, v02bda2f0_105;
v02bda2f0_106 .array/port v02bda2f0, 106;
v02bda2f0_107 .array/port v02bda2f0, 107;
v02bda2f0_108 .array/port v02bda2f0, 108;
v02bda2f0_109 .array/port v02bda2f0, 109;
E_02bd7940/27 .event edge, v02bda2f0_106, v02bda2f0_107, v02bda2f0_108, v02bda2f0_109;
v02bda2f0_110 .array/port v02bda2f0, 110;
v02bda2f0_111 .array/port v02bda2f0, 111;
v02bda2f0_112 .array/port v02bda2f0, 112;
v02bda2f0_113 .array/port v02bda2f0, 113;
E_02bd7940/28 .event edge, v02bda2f0_110, v02bda2f0_111, v02bda2f0_112, v02bda2f0_113;
v02bda2f0_114 .array/port v02bda2f0, 114;
v02bda2f0_115 .array/port v02bda2f0, 115;
v02bda2f0_116 .array/port v02bda2f0, 116;
v02bda2f0_117 .array/port v02bda2f0, 117;
E_02bd7940/29 .event edge, v02bda2f0_114, v02bda2f0_115, v02bda2f0_116, v02bda2f0_117;
v02bda2f0_118 .array/port v02bda2f0, 118;
v02bda2f0_119 .array/port v02bda2f0, 119;
v02bda2f0_120 .array/port v02bda2f0, 120;
v02bda2f0_121 .array/port v02bda2f0, 121;
E_02bd7940/30 .event edge, v02bda2f0_118, v02bda2f0_119, v02bda2f0_120, v02bda2f0_121;
v02bda2f0_122 .array/port v02bda2f0, 122;
v02bda2f0_123 .array/port v02bda2f0, 123;
v02bda2f0_124 .array/port v02bda2f0, 124;
v02bda2f0_125 .array/port v02bda2f0, 125;
E_02bd7940/31 .event edge, v02bda2f0_122, v02bda2f0_123, v02bda2f0_124, v02bda2f0_125;
v02bda2f0_126 .array/port v02bda2f0, 126;
v02bda2f0_127 .array/port v02bda2f0, 127;
E_02bd7940/32 .event edge, v02bda2f0_126, v02bda2f0_127;
E_02bd7940 .event/or E_02bd7940/0, E_02bd7940/1, E_02bd7940/2, E_02bd7940/3, E_02bd7940/4, E_02bd7940/5, E_02bd7940/6, E_02bd7940/7, E_02bd7940/8, E_02bd7940/9, E_02bd7940/10, E_02bd7940/11, E_02bd7940/12, E_02bd7940/13, E_02bd7940/14, E_02bd7940/15, E_02bd7940/16, E_02bd7940/17, E_02bd7940/18, E_02bd7940/19, E_02bd7940/20, E_02bd7940/21, E_02bd7940/22, E_02bd7940/23, E_02bd7940/24, E_02bd7940/25, E_02bd7940/26, E_02bd7940/27, E_02bd7940/28, E_02bd7940/29, E_02bd7940/30, E_02bd7940/31, E_02bd7940/32;
S_02bda8a8 .scope module, "openmips0" "openmips" 2 18, 4 13 0, S_0109bbd8;
 .timescale 0 0;
    .port_info 0 /INPUT 1 "rst"
    .port_info 1 /INPUT 1 "clk"
    .port_info 2 /INPUT 32 "rom_data_i"
    .port_info 3 /OUTPUT 32 "rom_addr_o"
    .port_info 4 /OUTPUT 1 "rom_ce_o"
v02c13718_0 .net "clk", 0 0, o02be1834;  alias, 0 drivers
v02c133a8_0 .net "ex_aluop_i", 7 0, v02bdecb0_0;  1 drivers
v02c137c8_0 .net "ex_alusel_i", 2 0, v02bdeaa0_0;  1 drivers
v02c139d8_0 .net "ex_reg1_i", 31 0, v02bde998_0;  1 drivers
v02c13c40_0 .net "ex_reg2_i", 31 0, v02bded08_0;  1 drivers
v02c13ae0_0 .net "ex_wd_i", 4 0, v02bde9f0_0;  1 drivers
v02c13c98_0 .net "ex_wd_o", 4 0, v02bda3f8_0;  1 drivers
v02c13928_0 .net "ex_wdata_o", 31 0, v02bda298_0;  1 drivers
RS_02be1714 .resolv tri, v02bde838_0, v02bdea48_0;
v02c13be8_0 .net8 "ex_wreg_i", 0 0, RS_02be1714;  2 drivers
v02c13cf0_0 .net "ex_wreg_o", 0 0, v02bda030_0;  1 drivers
v02c13d48_0 .net "id_aluop_o", 7 0, v02bde7e0_0;  1 drivers
v02c13b38_0 .net "id_alusel_o", 2 0, v02bde890_0;  1 drivers
v02c13980_0 .net "id_inst_i", 31 0, v02bdf2e0_0;  1 drivers
v02c13a30_0 .net "id_pc_i", 31 0, v02bdf338_0;  1 drivers
v02c13da0_0 .net "id_reg1_o", 31 0, v02bdec00_0;  1 drivers
v02c13a88_0 .net "id_reg2_o", 31 0, v02bded60_0;  1 drivers
v02c13b90_0 .net "id_wd_o", 4 0, v02bdf078_0;  1 drivers
v02c16518_0 .net "id_wreg_o", 0 0, v02bdec58_0;  1 drivers
v02c160a0_0 .net "mem_wd_i", 4 0, v02bda0e0_0;  1 drivers
v02c15e38_0 .net "mem_wd_o", 4 0, v02c12fe0_0;  1 drivers
v02c16678_0 .net "mem_wdata_i", 31 0, v02bdeaf8_0;  1 drivers
v02c16830_0 .net "mem_wdata_o", 31 0, v02c135b8_0;  1 drivers
o02be1eac .functor BUFZ 1, C4<z>; HiZ drive
v02c16780_0 .net "mem_wreg_i", 0 0, o02be1eac;  0 drivers
v02c15e90_0 .net "mem_wreg_o", 0 0, v02c138d0_0;  1 drivers
v02c166d0_0 .net "pc", 31 0, v02c12e80_0;  1 drivers
v02c16888_0 .net "reg1_addr", 4 0, v02bdf1d8_0;  1 drivers
v02c163b8_0 .net "reg1_data", 31 0, v02c13668_0;  1 drivers
v02c16728_0 .net "reg1_read", 0 0, v02bde788_0;  1 drivers
v02c167d8_0 .net "reg2_addr", 4 0, v02bdee68_0;  1 drivers
v02c160f8_0 .net "reg2_data", 31 0, v02c13400_0;  1 drivers
v02c162b0_0 .net "reg2_read", 0 0, v02bdeec0_0;  1 drivers
v02c16308_0 .net "rom_addr_o", 31 0, o02be09ac;  alias, 0 drivers
v02c15ee8_0 .net "rom_ce_o", 0 0, v02c12e28_0;  alias, 1 drivers
v02c16150_0 .net "rom_data_i", 31 0, v02bda190_0;  alias, 1 drivers
v02c16620_0 .net "rst", 0 0, o02be16b4;  alias, 0 drivers
v02c168e0_0 .net "wb_wd_i", 4 0, v02c13038_0;  1 drivers
v02c16048_0 .net "wb_wdata_i", 31 0, v02c13140_0;  1 drivers
v02c15f40_0 .net "wb_wreg_i", 0 0, v02c12f30_0;  1 drivers
S_02bc7a50 .scope module, "ex0" "ex" 4 150, 5 7 0, S_02bda8a8;
 .timescale 0 0;
    .port_info 0 /INPUT 1 "rst"
    .port_info 1 /INPUT 8 "aluop_i"
    .port_info 2 /INPUT 3 "alusel_i"
    .port_info 3 /INPUT 32 "reg1_i"
    .port_info 4 /INPUT 32 "reg2_i"
    .port_info 5 /INPUT 5 "wd_i"
    .port_info 6 /INPUT 1 "wreg_i"
    .port_info 7 /OUTPUT 5 "wd_o"
    .port_info 8 /OUTPUT 1 "wreg_o"
    .port_info 9 /OUTPUT 32 "wdata_o"
v02bda1e8_0 .net "aluop_i", 7 0, v02bdecb0_0;  alias, 1 drivers
v02bda500_0 .net "alusel_i", 2 0, v02bdeaa0_0;  alias, 1 drivers
v02bda348_0 .var "logicout", 31 0;
v02bda240_0 .net "reg1_i", 31 0, v02bde998_0;  alias, 1 drivers
v02bda608_0 .net "reg2_i", 31 0, v02bded08_0;  alias, 1 drivers
v02bd9f80_0 .net "rst", 0 0, o02be16b4;  alias, 0 drivers
v02bd9f28_0 .net "wd_i", 4 0, v02bde9f0_0;  alias, 1 drivers
v02bda3f8_0 .var "wd_o", 4 0;
v02bda298_0 .var "wdata_o", 31 0;
v02bda3a0_0 .net8 "wreg_i", 0 0, RS_02be1714;  alias, 2 drivers
v02bda030_0 .var "wreg_o", 0 0;
E_02bd7850 .event edge, v02bd9f28_0, v02bda3a0_0, v02bda500_0, v02bda348_0;
E_02bd78f0 .event edge, v02bd9f80_0, v02bda1e8_0, v02bda240_0, v02bda608_0;
S_02bc6050 .scope module, "ex_mem0" "ex_mem" 4 167, 6 7 0, S_02bda8a8;
 .timescale 0 0;
    .port_info 0 /INPUT 1 "rst"
    .port_info 1 /INPUT 1 "clk"
    .port_info 2 /INPUT 5 "ex_wd"
    .port_info 3 /INPUT 1 "ex_wreg"
    .port_info 4 /INPUT 32 "ex_wdata"
    .port_info 5 /OUTPUT 5 "mem_wd"
    .port_info 6 /OUTPUT 1 "mem_wreg"
    .port_info 7 /OUTPUT 32 "mem_wdata"
v02bda450_0 .net "clk", 0 0, o02be1834;  alias, 0 drivers
v02bda088_0 .net "ex_wd", 4 0, v02bda3f8_0;  alias, 1 drivers
v02bd9ed0_0 .net "ex_wdata", 31 0, v02bda298_0;  alias, 1 drivers
v02bd9fd8_0 .net "ex_wreg", 0 0, v02bda030_0;  alias, 1 drivers
v02bda0e0_0 .var "mem_wd", 4 0;
v02bdeaf8_0 .var "mem_wdata", 31 0;
v02bde838_0 .var "mem_wreg", 0 0;
v02bdefc8_0 .net "rst", 0 0, o02be16b4;  alias, 0 drivers
E_02bd7918 .event posedge, v02bda450_0;
S_02bc6120 .scope module, "id0" "id" 4 90, 7 7 0, S_02bda8a8;
 .timescale 0 0;
    .port_info 0 /INPUT 1 "rst"
    .port_info 1 /INPUT 32 "pc_i"
    .port_info 2 /INPUT 32 "inst_i"
    .port_info 3 /INPUT 32 "reg1_data_i"
    .port_info 4 /INPUT 32 "reg2_data_i"
    .port_info 5 /OUTPUT 1 "reg1_read_o"
    .port_info 6 /OUTPUT 1 "reg2_read_o"
    .port_info 7 /OUTPUT 5 "reg1_addr_o"
    .port_info 8 /OUTPUT 5 "reg2_addr_o"
    .port_info 9 /OUTPUT 8 "aluop_o"
    .port_info 10 /OUTPUT 3 "alusel_o"
    .port_info 11 /OUTPUT 32 "reg1_o"
    .port_info 12 /OUTPUT 32 "reg2_o"
    .port_info 13 /OUTPUT 5 "wd_o"
    .port_info 14 /OUTPUT 1 "wreg_o"
v02bde7e0_0 .var "aluop_o", 7 0;
v02bde890_0 .var "alusel_o", 2 0;
v02bde940_0 .var "imm", 31 0;
v02bdedb8_0 .net "inst_i", 31 0, v02bdf2e0_0;  alias, 1 drivers
v02bdef18_0 .var "instvalid", 0 0;
v02bde8e8_0 .net "op", 5 0, L_02c16258;  1 drivers
v02bdf230_0 .net "op2", 4 0, L_02c16410;  1 drivers
v02bdeb50_0 .net "op3", 5 0, L_02c16468;  1 drivers
v02bdf180_0 .net "op4", 4 0, L_02c164c0;  1 drivers
v02bdef70_0 .net "pc_i", 31 0, v02bdf338_0;  alias, 1 drivers
v02bdf1d8_0 .var "reg1_addr_o", 4 0;
v02bdee10_0 .net "reg1_data_i", 31 0, v02c13668_0;  alias, 1 drivers
v02bdec00_0 .var "reg1_o", 31 0;
v02bde788_0 .var "reg1_read_o", 0 0;
v02bdee68_0 .var "reg2_addr_o", 4 0;
v02bdf0d0_0 .net "reg2_data_i", 31 0, v02c13400_0;  alias, 1 drivers
v02bded60_0 .var "reg2_o", 31 0;
v02bdeec0_0 .var "reg2_read_o", 0 0;
v02bdf020_0 .net "rst", 0 0, o02be16b4;  alias, 0 drivers
v02bdf078_0 .var "wd_o", 4 0;
v02bdec58_0 .var "wreg_o", 0 0;
E_02bd7698 .event edge, v02bd9f80_0, v02bdeec0_0, v02bdf0d0_0, v02bde940_0;
E_02bd75a8 .event edge, v02bd9f80_0, v02bde788_0, v02bdee10_0, v02bde940_0;
E_02bd76e8 .event edge, v02bd9f80_0, v02bdedb8_0, v02bde8e8_0;
L_02c16258 .part v02bdf2e0_0, 26, 6;
L_02c16410 .part v02bdf2e0_0, 6, 5;
L_02c16468 .part v02bdf2e0_0, 0, 6;
L_02c164c0 .part v02bdf2e0_0, 16, 5;
S_02bd3048 .scope module, "id_ex0" "id_ex" 4 129, 8 7 0, S_02bda8a8;
 .timescale 0 0;
    .port_info 0 /INPUT 1 "clk"
    .port_info 1 /INPUT 1 "rst"
    .port_info 2 /INPUT 8 "id_aluop"
    .port_info 3 /INPUT 3 "id_alusel"
    .port_info 4 /INPUT 32 "id_reg1"
    .port_info 5 /INPUT 32 "id_reg2"
    .port_info 6 /INPUT 5 "id_wd"
    .port_info 7 /INPUT 1 "id_wreg"
    .port_info 8 /OUTPUT 8 "ex_aluop"
    .port_info 9 /OUTPUT 3 "ex_alusel"
    .port_info 10 /OUTPUT 32 "ex_reg1"
    .port_info 11 /OUTPUT 32 "ex_reg2"
    .port_info 12 /OUTPUT 5 "ex_wd"
    .port_info 13 /OUTPUT 1 "ex_wreg"
v02bdf128_0 .net "clk", 0 0, o02be1834;  alias, 0 drivers
v02bdecb0_0 .var "ex_aluop", 7 0;
v02bdeaa0_0 .var "ex_alusel", 2 0;
v02bde998_0 .var "ex_reg1", 31 0;
v02bded08_0 .var "ex_reg2", 31 0;
v02bde9f0_0 .var "ex_wd", 4 0;
v02bdea48_0 .var "ex_wreg", 0 0;
v02bdeba8_0 .net "id_aluop", 7 0, v02bde7e0_0;  alias, 1 drivers
v02bdf700_0 .net "id_alusel", 2 0, v02bde890_0;  alias, 1 drivers
v02bdf5f8_0 .net "id_reg1", 31 0, v02bdec00_0;  alias, 1 drivers
v02bdf5a0_0 .net "id_reg2", 31 0, v02bded60_0;  alias, 1 drivers
v02bdf650_0 .net "id_wd", 4 0, v02bdf078_0;  alias, 1 drivers
v02bdf4f0_0 .net "id_wreg", 0 0, v02bdec58_0;  alias, 1 drivers
v02bdf6a8_0 .net "rst", 0 0, o02be16b4;  alias, 0 drivers
S_02bcb1b0 .scope module, "if_id0" "if_id" 4 81, 9 6 0, S_02bda8a8;
 .timescale 0 0;
    .port_info 0 /INPUT 1 "clk"
    .port_info 1 /INPUT 1 "rst"
    .port_info 2 /INPUT 32 "if_pc"
    .port_info 3 /INPUT 32 "if_inst"
    .port_info 4 /OUTPUT 32 "id_pc"
    .port_info 5 /OUTPUT 32 "id_inst"
v02bdf288_0 .net "clk", 0 0, o02be1834;  alias, 0 drivers
v02bdf2e0_0 .var "id_inst", 31 0;
v02bdf338_0 .var "id_pc", 31 0;
v02bdf390_0 .net "if_inst", 31 0, v02bda190_0;  alias, 1 drivers
v02bdf440_0 .net "if_pc", 31 0, v02c12e80_0;  alias, 1 drivers
v02bdf498_0 .net "rst", 0 0, o02be16b4;  alias, 0 drivers
S_02bc3048 .scope module, "mem0" "mem" 4 182, 10 7 0, S_02bda8a8;
 .timescale 0 0;
    .port_info 0 /INPUT 1 "rst"
    .port_info 1 /INPUT 5 "wd_i"
    .port_info 2 /INPUT 1 "wreg_i"
    .port_info 3 /INPUT 32 "wdata_i"
    .port_info 4 /OUTPUT 5 "wd_o"
    .port_info 5 /OUTPUT 1 "wreg_o"
    .port_info 6 /OUTPUT 32 "wdata_o"
v02bdf548_0 .net "rst", 0 0, o02be16b4;  alias, 0 drivers
v02bdf3e8_0 .net "wd_i", 4 0, v02bda0e0_0;  alias, 1 drivers
v02c12fe0_0 .var "wd_o", 4 0;
v02c12f88_0 .net "wdata_i", 31 0, v02bdeaf8_0;  alias, 1 drivers
v02c135b8_0 .var "wdata_o", 31 0;
v02c13248_0 .net "wreg_i", 0 0, o02be1eac;  alias, 0 drivers
v02c138d0_0 .var "wreg_o", 0 0;
E_02bd7990 .event edge, v02bd9f80_0, v02bda0e0_0, v02c13248_0, v02bdeaf8_0;
S_02bc3118 .scope module, "mem_wb0" "mem_wb" 4 196, 11 7 0, S_02bda8a8;
 .timescale 0 0;
    .port_info 0 /INPUT 1 "rst"
    .port_info 1 /INPUT 1 "clk"
    .port_info 2 /INPUT 5 "mem_wd"
    .port_info 3 /INPUT 1 "mem_wreg"
    .port_info 4 /INPUT 32 "mem_wdata"
    .port_info 5 /OUTPUT 5 "wb_wd"
    .port_info 6 /OUTPUT 1 "wb_wreg"
    .port_info 7 /OUTPUT 32 "wb_wdata"
v02c13508_0 .net "clk", 0 0, o02be1834;  alias, 0 drivers
v02c136c0_0 .net "mem_wd", 4 0, v02c12fe0_0;  alias, 1 drivers
v02c13820_0 .net "mem_wdata", 31 0, v02c135b8_0;  alias, 1 drivers
v02c13878_0 .net "mem_wreg", 0 0, v02c138d0_0;  alias, 1 drivers
v02c13458_0 .net "rst", 0 0, o02be16b4;  alias, 0 drivers
v02c13038_0 .var "wb_wd", 4 0;
v02c13140_0 .var "wb_wdata", 31 0;
v02c12f30_0 .var "wb_wreg", 0 0;
S_02bc46b8 .scope module, "pc_reg0" "pc_reg" 4 74, 12 5 0, S_02bda8a8;
 .timescale 0 0;
    .port_info 0 /INPUT 1 "clk"
    .port_info 1 /INPUT 1 "rst"
    .port_info 2 /OUTPUT 32 "pc"
    .port_info 3 /OUTPUT 1 "ce"
v02c12e28_0 .var "ce", 0 0;
v02c13770_0 .net "clk", 0 0, o02be1834;  alias, 0 drivers
v02c12e80_0 .var "pc", 31 0;
v02c13090_0 .net "rst", 0 0, o02be16b4;  alias, 0 drivers
S_02bd1d90 .scope module, "regfile1" "regfile" 4 115, 13 7 0, S_02bda8a8;
 .timescale 0 0;
    .port_info 0 /INPUT 1 "clk"
    .port_info 1 /INPUT 1 "rst"
    .port_info 2 /INPUT 1 "we"
    .port_info 3 /INPUT 5 "waddr"
    .port_info 4 /INPUT 32 "wdata"
    .port_info 5 /INPUT 1 "re1"
    .port_info 6 /INPUT 5 "raddr1"
    .port_info 7 /OUTPUT 32 "rdata1"
    .port_info 8 /INPUT 1 "re2"
    .port_info 9 /INPUT 5 "raddr2"
    .port_info 10 /OUTPUT 32 "rdata2"
v02c132a0_0 .net "clk", 0 0, o02be1834;  alias, 0 drivers
v02c132f8_0 .net "raddr1", 4 0, v02bdf1d8_0;  alias, 1 drivers
v02c13610_0 .net "raddr2", 4 0, v02bdee68_0;  alias, 1 drivers
v02c13668_0 .var "rdata1", 31 0;
v02c13400_0 .var "rdata2", 31 0;
v02c13560_0 .net "re1", 0 0, v02bde788_0;  alias, 1 drivers
v02c134b0_0 .net "re2", 0 0, v02bdeec0_0;  alias, 1 drivers
v02c130e8 .array "regs", 31 0, 31 0;
v02c12ed8_0 .net "rst", 0 0, o02be16b4;  alias, 0 drivers
v02c13350_0 .net "waddr", 4 0, v02c13038_0;  alias, 1 drivers
v02c13198_0 .net "wdata", 31 0, v02c13140_0;  alias, 1 drivers
v02c131f0_0 .net "we", 0 0, v02c12f30_0;  alias, 1 drivers
E_02bd7968/0 .event edge, v02bd9f80_0, v02bdee68_0, v02c13038_0, v02c12f30_0;
v02c130e8_0 .array/port v02c130e8, 0;
v02c130e8_1 .array/port v02c130e8, 1;
E_02bd7968/1 .event edge, v02bdeec0_0, v02c13140_0, v02c130e8_0, v02c130e8_1;
v02c130e8_2 .array/port v02c130e8, 2;
v02c130e8_3 .array/port v02c130e8, 3;
v02c130e8_4 .array/port v02c130e8, 4;
v02c130e8_5 .array/port v02c130e8, 5;
E_02bd7968/2 .event edge, v02c130e8_2, v02c130e8_3, v02c130e8_4, v02c130e8_5;
v02c130e8_6 .array/port v02c130e8, 6;
v02c130e8_7 .array/port v02c130e8, 7;
v02c130e8_8 .array/port v02c130e8, 8;
v02c130e8_9 .array/port v02c130e8, 9;
E_02bd7968/3 .event edge, v02c130e8_6, v02c130e8_7, v02c130e8_8, v02c130e8_9;
v02c130e8_10 .array/port v02c130e8, 10;
v02c130e8_11 .array/port v02c130e8, 11;
v02c130e8_12 .array/port v02c130e8, 12;
v02c130e8_13 .array/port v02c130e8, 13;
E_02bd7968/4 .event edge, v02c130e8_10, v02c130e8_11, v02c130e8_12, v02c130e8_13;
v02c130e8_14 .array/port v02c130e8, 14;
v02c130e8_15 .array/port v02c130e8, 15;
v02c130e8_16 .array/port v02c130e8, 16;
v02c130e8_17 .array/port v02c130e8, 17;
E_02bd7968/5 .event edge, v02c130e8_14, v02c130e8_15, v02c130e8_16, v02c130e8_17;
v02c130e8_18 .array/port v02c130e8, 18;
v02c130e8_19 .array/port v02c130e8, 19;
v02c130e8_20 .array/port v02c130e8, 20;
v02c130e8_21 .array/port v02c130e8, 21;
E_02bd7968/6 .event edge, v02c130e8_18, v02c130e8_19, v02c130e8_20, v02c130e8_21;
v02c130e8_22 .array/port v02c130e8, 22;
v02c130e8_23 .array/port v02c130e8, 23;
v02c130e8_24 .array/port v02c130e8, 24;
v02c130e8_25 .array/port v02c130e8, 25;
E_02bd7968/7 .event edge, v02c130e8_22, v02c130e8_23, v02c130e8_24, v02c130e8_25;
v02c130e8_26 .array/port v02c130e8, 26;
v02c130e8_27 .array/port v02c130e8, 27;
v02c130e8_28 .array/port v02c130e8, 28;
v02c130e8_29 .array/port v02c130e8, 29;
E_02bd7968/8 .event edge, v02c130e8_26, v02c130e8_27, v02c130e8_28, v02c130e8_29;
v02c130e8_30 .array/port v02c130e8, 30;
v02c130e8_31 .array/port v02c130e8, 31;
E_02bd7968/9 .event edge, v02c130e8_30, v02c130e8_31;
E_02bd7968 .event/or E_02bd7968/0, E_02bd7968/1, E_02bd7968/2, E_02bd7968/3, E_02bd7968/4, E_02bd7968/5, E_02bd7968/6, E_02bd7968/7, E_02bd7968/8, E_02bd7968/9;
E_02bd7648/0 .event edge, v02bd9f80_0, v02bdf1d8_0, v02c13038_0, v02c12f30_0;
E_02bd7648/1 .event edge, v02bde788_0, v02c13140_0, v02c130e8_0, v02c130e8_1;
E_02bd7648/2 .event edge, v02c130e8_2, v02c130e8_3, v02c130e8_4, v02c130e8_5;
E_02bd7648/3 .event edge, v02c130e8_6, v02c130e8_7, v02c130e8_8, v02c130e8_9;
E_02bd7648/4 .event edge, v02c130e8_10, v02c130e8_11, v02c130e8_12, v02c130e8_13;
E_02bd7648/5 .event edge, v02c130e8_14, v02c130e8_15, v02c130e8_16, v02c130e8_17;
E_02bd7648/6 .event edge, v02c130e8_18, v02c130e8_19, v02c130e8_20, v02c130e8_21;
E_02bd7648/7 .event edge, v02c130e8_22, v02c130e8_23, v02c130e8_24, v02c130e8_25;
E_02bd7648/8 .event edge, v02c130e8_26, v02c130e8_27, v02c130e8_28, v02c130e8_29;
E_02bd7648/9 .event edge, v02c130e8_30, v02c130e8_31;
E_02bd7648 .event/or E_02bd7648/0, E_02bd7648/1, E_02bd7648/2, E_02bd7648/3, E_02bd7648/4, E_02bd7648/5, E_02bd7648/6, E_02bd7648/7, E_02bd7648/8, E_02bd7648/9;
    .scope S_02bc46b8;
T_0 ;
    %wait E_02bd7918;
    %load/vec4 v02c13090_0;
    %cmpi/e 1, 0, 1;
    %jmp/0xz  T_0.0, 4;
    %pushi/vec4 0, 0, 1;
    %assign/vec4 v02c12e28_0, 0;
    %jmp T_0.1;
T_0.0 ;
    %pushi/vec4 1, 0, 1;
    %assign/vec4 v02c12e28_0, 0;
T_0.1 ;
    %jmp T_0;
    .thread T_0;
    .scope S_02bc46b8;
T_1 ;
    %wait E_02bd7918;
    %load/vec4 v02c12e28_0;
    %cmpi/e 0, 0, 1;
    %jmp/0xz  T_1.0, 4;
    %pushi/vec4 0, 0, 32;
    %assign/vec4 v02c12e80_0, 0;
    %jmp T_1.1;
T_1.0 ;
    %load/vec4 v02c12e80_0;
    %addi 4, 0, 32;
    %assign/vec4 v02c12e80_0, 0;
T_1.1 ;
    %jmp T_1;
    .thread T_1;
    .scope S_02bcb1b0;
T_2 ;
    %wait E_02bd7918;
    %load/vec4 v02bdf498_0;
    %cmpi/e 1, 0, 1;
    %jmp/0xz  T_2.0, 4;
    %pushi/vec4 0, 0, 32;
    %assign/vec4 v02bdf338_0, 0;
    %pushi/vec4 0, 0, 32;
    %assign/vec4 v02bdf2e0_0, 0;
    %jmp T_2.1;
T_2.0 ;
    %load/vec4 v02bdf440_0;
    %assign/vec4 v02bdf338_0, 0;
    %load/vec4 v02bdf390_0;
    %assign/vec4 v02bdf2e0_0, 0;
T_2.1 ;
    %jmp T_2;
    .thread T_2;
    .scope S_02bc6120;
T_3 ;
    %wait E_02bd76e8;
    %load/vec4 v02bdf020_0;
    %cmpi/e 1, 0, 1;
    %jmp/0xz  T_3.0, 4;
    %pushi/vec4 0, 0, 8;
    %assign/vec4 v02bde7e0_0, 0;
    %pushi/vec4 0, 0, 3;
    %assign/vec4 v02bde890_0, 0;
    %pushi/vec4 0, 0, 5;
    %assign/vec4 v02bdf078_0, 0;
    %pushi/vec4 0, 0, 1;
    %assign/vec4 v02bdec58_0, 0;
    %pushi/vec4 0, 0, 1;
    %assign/vec4 v02bdef18_0, 0;
    %pushi/vec4 0, 0, 1;
    %assign/vec4 v02bde788_0, 0;
    %pushi/vec4 0, 0, 1;
    %assign/vec4 v02bdeec0_0, 0;
    %pushi/vec4 0, 0, 5;
    %assign/vec4 v02bdf1d8_0, 0;
    %pushi/vec4 0, 0, 5;
    %assign/vec4 v02bdee68_0, 0;
    %pushi/vec4 0, 0, 32;
    %assign/vec4 v02bde940_0, 0;
    %jmp T_3.1;
T_3.0 ;
    %pushi/vec4 0, 0, 8;
    %assign/vec4 v02bde7e0_0, 0;
    %pushi/vec4 0, 0, 3;
    %assign/vec4 v02bde890_0, 0;
    %load/vec4 v02bdedb8_0;
    %parti/s 5, 11, 5;
    %assign/vec4 v02bdf078_0, 0;
    %pushi/vec4 0, 0, 1;
    %assign/vec4 v02bdec58_0, 0;
    %pushi/vec4 1, 0, 1;
    %assign/vec4 v02bdef18_0, 0;
    %pushi/vec4 0, 0, 1;
    %assign/vec4 v02bde788_0, 0;
    %pushi/vec4 0, 0, 1;
    %assign/vec4 v02bdeec0_0, 0;
    %load/vec4 v02bdedb8_0;
    %parti/s 5, 21, 6;
    %assign/vec4 v02bdf1d8_0, 0;
    %load/vec4 v02bdedb8_0;
    %parti/s 5, 16, 6;
    %assign/vec4 v02bdee68_0, 0;
    %pushi/vec4 0, 0, 32;
    %assign/vec4 v02bde940_0, 0;
    %load/vec4 v02bde8e8_0;
    %dup/vec4;
    %pushi/vec4 13, 0, 6;
    %cmp/u;
    %jmp/1 T_3.2, 6;
    %jmp T_3.4;
T_3.2 ;
    %pushi/vec4 1, 0, 1;
    %assign/vec4 v02bdec58_0, 0;
    %pushi/vec4 37, 0, 8;
    %assign/vec4 v02bde7e0_0, 0;
    %pushi/vec4 1, 0, 3;
    %assign/vec4 v02bde890_0, 0;
    %pushi/vec4 1, 0, 1;
    %assign/vec4 v02bde788_0, 0;
    %pushi/vec4 0, 0, 1;
    %assign/vec4 v02bdeec0_0, 0;
    %pushi/vec4 0, 0, 16;
    %load/vec4 v02bdedb8_0;
    %parti/s 16, 0, 2;
    %concat/vec4; draw_concat_vec4
    %assign/vec4 v02bde940_0, 0;
    %load/vec4 v02bdedb8_0;
    %parti/s 5, 16, 6;
    %assign/vec4 v02bdf078_0, 0;
    %pushi/vec4 0, 0, 1;
    %assign/vec4 v02bdef18_0, 0;
    %jmp T_3.4;
T_3.4 ;
    %pop/vec4 1;
T_3.1 ;
    %jmp T_3;
    .thread T_3, $push;
    .scope S_02bc6120;
T_4 ;
    %wait E_02bd75a8;
    %load/vec4 v02bdf020_0;
    %cmpi/e 1, 0, 1;
    %jmp/0xz  T_4.0, 4;
    %pushi/vec4 0, 0, 32;
    %assign/vec4 v02bdec00_0, 0;
    %jmp T_4.1;
T_4.0 ;
    %load/vec4 v02bde788_0;
    %cmpi/e 1, 0, 1;
    %jmp/0xz  T_4.2, 4;
    %load/vec4 v02bdee10_0;
    %assign/vec4 v02bdec00_0, 0;
    %jmp T_4.3;
T_4.2 ;
    %load/vec4 v02bde788_0;
    %cmpi/e 0, 0, 1;
    %jmp/0xz  T_4.4, 4;
    %load/vec4 v02bde940_0;
    %assign/vec4 v02bdec00_0, 0;
    %jmp T_4.5;
T_4.4 ;
    %pushi/vec4 0, 0, 32;
    %assign/vec4 v02bdec00_0, 0;
T_4.5 ;
T_4.3 ;
T_4.1 ;
    %jmp T_4;
    .thread T_4, $push;
    .scope S_02bc6120;
T_5 ;
    %wait E_02bd7698;
    %load/vec4 v02bdf020_0;
    %cmpi/e 1, 0, 1;
    %jmp/0xz  T_5.0, 4;
    %pushi/vec4 0, 0, 32;
    %assign/vec4 v02bded60_0, 0;
    %jmp T_5.1;
T_5.0 ;
    %load/vec4 v02bdeec0_0;
    %cmpi/e 1, 0, 1;
    %jmp/0xz  T_5.2, 4;
    %load/vec4 v02bdf0d0_0;
    %assign/vec4 v02bded60_0, 0;
    %jmp T_5.3;
T_5.2 ;
    %load/vec4 v02bdeec0_0;
    %cmpi/e 0, 0, 1;
    %jmp/0xz  T_5.4, 4;
    %load/vec4 v02bde940_0;
    %assign/vec4 v02bded60_0, 0;
    %jmp T_5.5;
T_5.4 ;
    %pushi/vec4 0, 0, 32;
    %assign/vec4 v02bded60_0, 0;
T_5.5 ;
T_5.3 ;
T_5.1 ;
    %jmp T_5;
    .thread T_5, $push;
    .scope S_02bd1d90;
T_6 ;
    %wait E_02bd7918;
    %load/vec4 v02c12ed8_0;
    %cmpi/e 0, 0, 1;
    %jmp/0xz  T_6.0, 4;
    %load/vec4 v02c131f0_0;
    %pushi/vec4 1, 0, 1;
    %cmp/e;
    %flag_get/vec4 4;
    %load/vec4 v02c13350_0;
    %pushi/vec4 0, 0, 5;
    %cmp/e;
    %flag_get/vec4 4;
    %inv;
    %and;
    %flag_set/vec4 8;
    %jmp/0xz  T_6.2, 8;
    %load/vec4 v02c13198_0;
    %load/vec4 v02c13350_0;
    %pad/u 7;
    %ix/vec4 3;
    %ix/load 4, 0, 0; Constant delay
    %assign/vec4/a/d v02c130e8, 0, 4;
T_6.2 ;
T_6.0 ;
    %jmp T_6;
    .thread T_6;
    .scope S_02bd1d90;
T_7 ;
    %wait E_02bd7648;
    %load/vec4 v02c12ed8_0;
    %cmpi/e 1, 0, 1;
    %jmp/0xz  T_7.0, 4;
    %pushi/vec4 0, 0, 32;
    %assign/vec4 v02c13668_0, 0;
    %jmp T_7.1;
T_7.0 ;
    %load/vec4 v02c132f8_0;
    %cmpi/e 0, 0, 5;
    %jmp/0xz  T_7.2, 4;
    %pushi/vec4 0, 0, 32;
    %assign/vec4 v02c13668_0, 0;
    %jmp T_7.3;
T_7.2 ;
    %load/vec4 v02c132f8_0;
    %load/vec4 v02c13350_0;
    %cmp/e;
    %flag_get/vec4 4;
    %load/vec4 v02c131f0_0;
    %pushi/vec4 1, 0, 1;
    %cmp/e;
    %flag_get/vec4 4;
    %and;
    %load/vec4 v02c13560_0;
    %pushi/vec4 1, 0, 1;
    %cmp/e;
    %flag_get/vec4 4;
    %and;
    %flag_set/vec4 8;
    %jmp/0xz  T_7.4, 8;
    %load/vec4 v02c13198_0;
    %assign/vec4 v02c13668_0, 0;
    %jmp T_7.5;
T_7.4 ;
    %load/vec4 v02c13560_0;
    %cmpi/e 1, 0, 1;
    %jmp/0xz  T_7.6, 4;
    %load/vec4 v02c132f8_0;
    %pad/u 7;
    %ix/vec4 4;
    %load/vec4a v02c130e8, 4;
    %assign/vec4 v02c13668_0, 0;
    %jmp T_7.7;
T_7.6 ;
    %pushi/vec4 0, 0, 32;
    %assign/vec4 v02c13668_0, 0;
T_7.7 ;
T_7.5 ;
T_7.3 ;
T_7.1 ;
    %jmp T_7;
    .thread T_7, $push;
    .scope S_02bd1d90;
T_8 ;
    %wait E_02bd7968;
    %load/vec4 v02c12ed8_0;
    %cmpi/e 1, 0, 1;
    %jmp/0xz  T_8.0, 4;
    %pushi/vec4 0, 0, 32;
    %assign/vec4 v02c13400_0, 0;
    %jmp T_8.1;
T_8.0 ;
    %load/vec4 v02c13610_0;
    %cmpi/e 0, 0, 5;
    %jmp/0xz  T_8.2, 4;
    %pushi/vec4 0, 0, 32;
    %assign/vec4 v02c13400_0, 0;
    %jmp T_8.3;
T_8.2 ;
    %load/vec4 v02c13610_0;
    %load/vec4 v02c13350_0;
    %cmp/e;
    %flag_get/vec4 4;
    %load/vec4 v02c131f0_0;
    %pushi/vec4 1, 0, 1;
    %cmp/e;
    %flag_get/vec4 4;
    %and;
    %load/vec4 v02c134b0_0;
    %pushi/vec4 1, 0, 1;
    %cmp/e;
    %flag_get/vec4 4;
    %and;
    %flag_set/vec4 8;
    %jmp/0xz  T_8.4, 8;
    %load/vec4 v02c13198_0;
    %assign/vec4 v02c13400_0, 0;
    %jmp T_8.5;
T_8.4 ;
    %load/vec4 v02c134b0_0;
    %cmpi/e 1, 0, 1;
    %jmp/0xz  T_8.6, 4;
    %load/vec4 v02c13610_0;
    %pad/u 7;
    %ix/vec4 4;
    %load/vec4a v02c130e8, 4;
    %assign/vec4 v02c13400_0, 0;
    %jmp T_8.7;
T_8.6 ;
    %pushi/vec4 0, 0, 32;
    %assign/vec4 v02c13400_0, 0;
T_8.7 ;
T_8.5 ;
T_8.3 ;
T_8.1 ;
    %jmp T_8;
    .thread T_8, $push;
    .scope S_02bd3048;
T_9 ;
    %wait E_02bd7918;
    %load/vec4 v02bdf6a8_0;
    %cmpi/e 1, 0, 1;
    %jmp/0xz  T_9.0, 4;
    %pushi/vec4 0, 0, 8;
    %assign/vec4 v02bdecb0_0, 0;
    %pushi/vec4 0, 0, 3;
    %assign/vec4 v02bdeaa0_0, 0;
    %pushi/vec4 0, 0, 32;
    %assign/vec4 v02bde998_0, 0;
    %pushi/vec4 0, 0, 32;
    %assign/vec4 v02bded08_0, 0;
    %pushi/vec4 0, 0, 5;
    %assign/vec4 v02bde9f0_0, 0;
    %pushi/vec4 0, 0, 1;
    %assign/vec4 v02bdea48_0, 0;
    %jmp T_9.1;
T_9.0 ;
    %load/vec4 v02bdeba8_0;
    %assign/vec4 v02bdecb0_0, 0;
    %load/vec4 v02bdf700_0;
    %assign/vec4 v02bdeaa0_0, 0;
    %load/vec4 v02bdf5f8_0;
    %assign/vec4 v02bde998_0, 0;
    %load/vec4 v02bdf5a0_0;
    %assign/vec4 v02bded08_0, 0;
    %load/vec4 v02bdf650_0;
    %assign/vec4 v02bde9f0_0, 0;
    %load/vec4 v02bdf4f0_0;
    %assign/vec4 v02bdea48_0, 0;
T_9.1 ;
    %jmp T_9;
    .thread T_9;
    .scope S_02bc7a50;
T_10 ;
    %wait E_02bd78f0;
    %load/vec4 v02bd9f80_0;
    %cmpi/e 1, 0, 1;
    %jmp/0xz  T_10.0, 4;
    %pushi/vec4 0, 0, 32;
    %assign/vec4 v02bda348_0, 0;
    %jmp T_10.1;
T_10.0 ;
    %load/vec4 v02bda1e8_0;
    %dup/vec4;
    %pushi/vec4 37, 0, 8;
    %cmp/u;
    %jmp/1 T_10.2, 6;
    %pushi/vec4 0, 0, 32;
    %assign/vec4 v02bda348_0, 0;
    %jmp T_10.4;
T_10.2 ;
    %load/vec4 v02bda240_0;
    %load/vec4 v02bda608_0;
    %or;
    %assign/vec4 v02bda348_0, 0;
    %jmp T_10.4;
T_10.4 ;
    %pop/vec4 1;
T_10.1 ;
    %jmp T_10;
    .thread T_10, $push;
    .scope S_02bc7a50;
T_11 ;
    %wait E_02bd7850;
    %load/vec4 v02bd9f28_0;
    %assign/vec4 v02bda3f8_0, 0;
    %load/vec4 v02bda3a0_0;
    %assign/vec4 v02bda030_0, 0;
    %load/vec4 v02bda500_0;
    %dup/vec4;
    %pushi/vec4 1, 0, 3;
    %cmp/u;
    %jmp/1 T_11.0, 6;
    %pushi/vec4 0, 0, 32;
    %assign/vec4 v02bda298_0, 0;
    %jmp T_11.2;
T_11.0 ;
    %load/vec4 v02bda348_0;
    %assign/vec4 v02bda298_0, 0;
    %jmp T_11.2;
T_11.2 ;
    %pop/vec4 1;
    %jmp T_11;
    .thread T_11, $push;
    .scope S_02bc6050;
T_12 ;
    %wait E_02bd7918;
    %load/vec4 v02bdefc8_0;
    %cmpi/e 1, 0, 1;
    %jmp/0xz  T_12.0, 4;
    %pushi/vec4 0, 0, 5;
    %assign/vec4 v02bda0e0_0, 0;
    %pushi/vec4 0, 0, 1;
    %assign/vec4 v02bde838_0, 0;
    %pushi/vec4 0, 0, 32;
    %assign/vec4 v02bdeaf8_0, 0;
    %jmp T_12.1;
T_12.0 ;
    %load/vec4 v02bda088_0;
    %assign/vec4 v02bda0e0_0, 0;
    %load/vec4 v02bd9fd8_0;
    %assign/vec4 v02bde838_0, 0;
    %load/vec4 v02bd9ed0_0;
    %assign/vec4 v02bdeaf8_0, 0;
T_12.1 ;
    %jmp T_12;
    .thread T_12;
    .scope S_02bc3048;
T_13 ;
    %wait E_02bd7990;
    %load/vec4 v02bdf548_0;
    %cmpi/e 1, 0, 1;
    %jmp/0xz  T_13.0, 4;
    %pushi/vec4 0, 0, 5;
    %assign/vec4 v02c12fe0_0, 0;
    %pushi/vec4 0, 0, 1;
    %assign/vec4 v02c138d0_0, 0;
    %pushi/vec4 0, 0, 32;
    %assign/vec4 v02c135b8_0, 0;
    %jmp T_13.1;
T_13.0 ;
    %load/vec4 v02bdf3e8_0;
    %assign/vec4 v02c12fe0_0, 0;
    %load/vec4 v02c13248_0;
    %assign/vec4 v02c138d0_0, 0;
    %load/vec4 v02c12f88_0;
    %assign/vec4 v02c135b8_0, 0;
T_13.1 ;
    %jmp T_13;
    .thread T_13, $push;
    .scope S_02bc3118;
T_14 ;
    %wait E_02bd7918;
    %load/vec4 v02c13458_0;
    %cmpi/e 1, 0, 1;
    %jmp/0xz  T_14.0, 4;
    %pushi/vec4 0, 0, 5;
    %assign/vec4 v02c13038_0, 0;
    %pushi/vec4 0, 0, 1;
    %assign/vec4 v02c12f30_0, 0;
    %pushi/vec4 0, 0, 32;
    %assign/vec4 v02c13140_0, 0;
    %jmp T_14.1;
T_14.0 ;
    %load/vec4 v02c136c0_0;
    %assign/vec4 v02c13038_0, 0;
    %load/vec4 v02c13878_0;
    %assign/vec4 v02c12f30_0, 0;
    %load/vec4 v02c13820_0;
    %assign/vec4 v02c13140_0, 0;
T_14.1 ;
    %jmp T_14;
    .thread T_14;
    .scope S_02bda7d8;
T_15 ;
    %vpi_call 3 16 "$readmemh", "inst_rom.data", v02bda2f0 {0 0 0};
    %end;
    .thread T_15;
    .scope S_02bda7d8;
T_16 ;
    %wait E_02bd7940;
    %load/vec4 v02bda138_0;
    %cmpi/e 0, 0, 1;
    %jmp/0xz  T_16.0, 4;
    %pushi/vec4 0, 0, 32;
    %assign/vec4 v02bda190_0, 0;
    %jmp T_16.1;
T_16.0 ;
    %load/vec4 v02bda4a8_0;
    %parti/s 17, 2, 3;
    %ix/vec4 4;
    %load/vec4a v02bda2f0, 4;
    %assign/vec4 v02bda190_0, 0;
T_16.1 ;
    %jmp T_16;
    .thread T_16, $push;
# The file index is used to find the file name in the following table.
:file_names 14;
    "N/A";
    "<interactive>";
    "openmips_min_sopc.v";
    "./inst_rom.v";
    "./openmips.v";
    "./ex.v";
    "./ex_mem.v";
    "./id.v";
    "./id_ex.v";
    "./if_id.v";
    "./mem.v";
    "./mem_wb.v";
    "./pc_reg.v";
    "./regfile.v";
